bypass/build/outputs/logs/manifest-merger-release-report.txt
-- Merging decision tree log ---
manifest
ADDED from src\main\AndroidManifest.xml:6:1-16:12
INJECTED from src\main\AndroidManifest.xml:6:1-16:12
INJECTED from src\main\AndroidManifest.xml:6:1-16:12
INJECTED from src\main\AndroidManifest.xml:6:1-16:12
INJECTED from src\main\AndroidManifest.xml:6:1-16:12
INJECTED from src\main\AndroidManifest.xml:6:1-16:12
INJECTED from src\main\AndroidManifest.xml:6:1-16:12
	package
		ADDED from src\main\AndroidManifest.xml:7:2-35
		INJECTED from src\main\AndroidManifest.xml
		INJECTED from src\main\AndroidManifest.xml
	android:versionName
		ADDED from src\main\AndroidManifest.xml:9:2-27
		INJECTED from src\main\AndroidManifest.xml
		INJECTED from src\main\AndroidManifest.xml
	xmlns:android
		ADDED from src\main\AndroidManifest.xml:6:11-69
	android:versionCode
		ADDED from src\main\AndroidManifest.xml:8:2-25
		INJECTED from src\main\AndroidManifest.xml
		INJECTED from src\main\AndroidManifest.xml
uses-sdk
ADDED from src\main\AndroidManifest.xml:11:2-13:35
INJECTED from src\main\AndroidManifest.xml:11:2-13:35
INJECTED from src\main\AndroidManifest.xml:11:2-13:35
INJECTED from src\main\AndroidManifest.xml:11:2-13:35
INJECTED from src\main\AndroidManifest.xml:11:2-13:35
	android:targetSdkVersion
		ADDED from src\main\AndroidManifest.xml:13:3-32
		INJECTED from src\main\AndroidManifest.xml
		INJECTED from src\main\AndroidManifest.xml
	android:minSdkVersion
		ADDED from src\main\AndroidManifest.xml:12:3-28
		INJECTED from src\main\AndroidManifest.xml
		INJECTED from src\main\AndroidManifest.xml
application
ADDED from src\main\AndroidManifest.xml:15:2-62
	android:label
		ADDED from src\main\AndroidManifest.xml:15:15-47